====== Log started (Mon Jul 22 15:25:04 2024) ======
^7Game type successfully switched to dm
^7========Initialized=========
^7^7Trying MaplistMethod_Shuffle
^7^7SHUFFLE: insert pos = 12
^7^7MapReadSizes afterslime: not found
^7^7Switching to map afterslime
^7Host_ShutdownServer
^7LHNET_Write: sendto returned error: Cannot assign requested address
^7LHNET_Write: sendto returned error: Cannot assign requested address
^7LHNET_Write: sendto returned error: Cannot assign requested address
^7LHNET_Write: sendto returned error: Cannot assign requested address
^7LHNET_Write: sendto returned error: Cannot assign requested address
^7LHNET_Write: sendto returned error: Cannot assign requested address
^7SpawnServer: afterslime
^7scripts/common.shader parsing warning: unknown surfaceparm "monsterclip"
^7Mod_LoadQ3Shaders: unknown wavefunc 0
^7Shader 'textures/eX/eXmetal_plate01B' already defined, ignoring mismatching redeclaration
^7Mod_LoadQ3Shaders: unknown wavefunc 0
^7Mod_LoadQ3Shaders: unknown wavefunc 1
^7Shader 'rocketThrust' already defined, ignoring mismatching redeclaration
^7Shader 'textures/skies/exosystem' already defined
^7Shader 'textures/skies/exosystem2' already defined, ignoring mismatching redeclaration
^7Shader 'textures/skies/heaven' already defined
^7Collision_NewBrushFromPlanes: failed to build collision brush: too many triangle elements for buffer
^7Collision_NewBrushFromPlanes: failed to build collision brush: too many triangle elements for buffer
^7Collision_NewBrushFromPlanes: failed to build collision brush: too many triangle elements for buffer
^7Stats for q3bsp model "maps/afterslime.bsp": 12733 faces, 2301 nodes, 2303 leafs, 1101 clusters, 6878 clusterportals, mesh: 179147 vertices, 138214 triangles, 12733 surfaces
^7Server using port 26000
^7Server listening on address 0.0.0.0:26000
^7Server listening on address [0:0:0:0:0:0:0:0]:26000
^7server programs occupy 6507K.
^7Unloading old CSQC data.
^7server detected csqc progs file "csprogs.dat" with size 4021257 and crc 18349
^7Compressing csprogs.dat
^7Deflated: 80.5415%
^7Uncompressed: 4021257
^7Compressed:   782475
^7server: 'author' is not a field
^7server: 386 new entities parsed, 0 new inhibited, 395 (386 new) spawned (whereas 0 removed self, 386 stayed)
^7PRVM_SetTempString: enlarging tempstrings buffer (0KB -> 64KB)
^7PRVM_SetTempString: enlarging tempstrings buffer (64KB -> 128KB)
^7PRVM_SetTempString: enlarging tempstrings buffer (128KB -> 256KB)
^7PRVM_SetTempString: enlarging tempstrings buffer (256KB -> 512KB)
^7PRVM_SetTempString: enlarging tempstrings buffer (512KB -> 1024KB)
^7PRVM_SetTempString: enlarging tempstrings buffer (1024KB -> 2048KB)
^7PRVM_SetTempString: enlarging tempstrings buffer (2048KB -> 4096KB)
^7Mem_Alloc: pool Server Progs, file ../../../prvm_edict.c:107, size 21028864.000000 bytes (20.054688 MB)
^7Mem_Alloc: pool Server Progs, file ../../../prvm_edict.c:107, size 26286080.000000 bytes (25.068359 MB)
^7Mem_Alloc: pool Server Progs, file ../../../prvm_edict.c:107, size 31543296.000000 bytes (30.082031 MB)
^7Mem_Alloc: pool Server Progs, file ../../../prvm_edict.c:107, size 36800512.000000 bytes (35.095703 MB)
^7Mem_Alloc: pool Server Progs, file ../../../prvm_edict.c:107, size 42057728.000000 bytes (40.109375 MB)
^7Mem_Alloc: pool Server Progs, file ../../../prvm_edict.c:107, size 47314944.000000 bytes (45.123047 MB)
^7Mem_Alloc: pool Server Progs, file ../../../prvm_edict.c:107, size 52572160.000000 bytes (50.136719 MB)
^7Mem_Alloc: pool Server Progs, file ../../../prvm_edict.c:107, size 57829376.000000 bytes (55.150391 MB)
^7Mem_Alloc: pool Server Progs, file ../../../prvm_edict.c:107, size 63086592.000000 bytes (60.164062 MB)
^7Mem_Alloc: pool Server Progs, file ../../../prvm_edict.c:107, size 68343808.000000 bytes (65.177734 MB)
^7Mem_Alloc: pool Server Progs, file ../../../prvm_edict.c:107, size 73601024.000000 bytes (70.191406 MB)
^7Mem_Alloc: pool Server Progs, file ../../../prvm_edict.c:107, size 78858240.000000 bytes (75.205078 MB)
^7PRVM_SetTempString: enlarging tempstrings buffer (4096KB -> 8192KB)
^7PRVM_SetTempString: enlarging tempstrings buffer (8192KB -> 16384KB)
^7Mem_Alloc: pool Server Progs, file ../../../prvm_edict.c:3103, size 16777216.000000 bytes (16.000000 MB)
^7Mem_Alloc: pool Server Progs, file ../../../prvm_edict.c:107, size 84115456.000000 bytes (80.218750 MB)
^7Mem_Alloc: pool Server Progs, file ../../../prvm_edict.c:107, size 89372672.000000 bytes (85.232422 MB)
^7Mem_Alloc: pool Server Progs, file ../../../prvm_edict.c:107, size 94629888.000000 bytes (90.246094 MB)
^7Server spawned.
^7LHNET_Write: sendto returned error: Cannot assign requested address
^7LHNET_Write: sendto returned error: Cannot assign requested address
^7LHNET_Write: sendto returned error: Cannot assign requested address
^7LHNET_Write: sendto returned error: Cannot assign requested address
^7LHNET_Write: sendto returned error: Cannot assign requested address
^7LHNET_Write: sendto returned error: Cannot assign requested address
